<?xml version="1.0" encoding="UTF-8"?>
<!-- Generated by org.testng.reporters.JUnitXMLReporter -->
<testsuite ignored="0" hostname="DESKTOP-SF549KE" failures="0" tests="3" name="Default test" time="70.672" errors="0" timestamp="2023-07-02T01:58:55 IST">
  <testcase classname="TestLayer.EndToEndTelecomFlow" name="addCustomer" time="27.835"/>
  <testcase classname="TestLayer.EndToEndTelecomFlow" name="addTariffPlan" time="16.982"/>
  <testcase classname="TestLayer.EndToEndTelecomFlow" name="addCutomerTariffPlan" time="6.628"/>
</testsuite> <!-- Default test -->
