<?xml version="1.0" encoding="UTF-8"?>
<testng-results ignored="0" total="3" passed="3" failed="0" skipped="0">
  <reporter-output>
  </reporter-output>
  <suite started-at="2023-07-02T01:57:44 IST" name="Default suite" finished-at="2023-07-02T01:58:55 IST" duration-ms="70672">
    <groups>
    </groups>
    <test started-at="2023-07-02T01:57:44 IST" name="Default test" finished-at="2023-07-02T01:58:55 IST" duration-ms="70672">
      <class name="TestLayer.EndToEndTelecomFlow">
        <test-method is-config="true" signature="setUp()[pri:0, instance:TestLayer.EndToEndTelecomFlow@51e69659]" started-at="2023-07-02T01:57:44 IST" name="setUp" finished-at="2023-07-02T01:58:03 IST" duration-ms="19076" status="PASS">
          <reporter-output>
          </reporter-output>
        </test-method> <!-- setUp -->
        <test-method signature="addCustomer()[pri:1, instance:TestLayer.EndToEndTelecomFlow@51e69659]" started-at="2023-07-02T01:58:03 IST" name="addCustomer" finished-at="2023-07-02T01:58:31 IST" duration-ms="27835" status="PASS">
          <reporter-output>
          </reporter-output>
        </test-method> <!-- addCustomer -->
        <test-method signature="addTariffPlan()[pri:2, instance:TestLayer.EndToEndTelecomFlow@51e69659]" started-at="2023-07-02T01:58:31 IST" name="addTariffPlan" finished-at="2023-07-02T01:58:48 IST" duration-ms="16982" status="PASS">
          <reporter-output>
          </reporter-output>
        </test-method> <!-- addTariffPlan -->
        <test-method signature="addCutomerTariffPlan()[pri:3, instance:TestLayer.EndToEndTelecomFlow@51e69659]" started-at="2023-07-02T01:58:48 IST" name="addCutomerTariffPlan" finished-at="2023-07-02T01:58:55 IST" duration-ms="6628" status="PASS">
          <reporter-output>
          </reporter-output>
        </test-method> <!-- addCutomerTariffPlan -->
      </class> <!-- TestLayer.EndToEndTelecomFlow -->
    </test> <!-- Default test -->
  </suite> <!-- Default suite -->
</testng-results>
